Arguments: 
  /home/mohan/.nvm/versions/node/v16.20.2/bin/node /usr/bin/yarn init

PATH: 
  /home/mohan/.local/share/pnpm:/home/mohan/.yarn/bin:/home/mohan/.config/yarn/global/node_modules/.bin:/home/mohan/.nvm/versions/node/v16.20.2/bin:/home/mohan/bin:/usr/local/bin:/home/mohan/.config/tmux/plugins/tmuxifier/libexec:/home/mohan/.config/tmux/plugins/tmuxifier/bin:/usr/bin:/usr/local/sbin:/usr/lib/jvm/default/bin:/usr/bin/site_perl:/usr/bin/vendor_perl:/usr/bin/core_perl:/usr/lib/rustup/bin:/home/mohan/.antigen/bundles/robbyrussell/oh-my-zsh/lib:/home/mohan/.antigen/bundles/robbyrussell/oh-my-zsh/plugins/git:/home/mohan/.antigen/bundles/robbyrussell/oh-my-zsh/plugins/docker:/home/mohan/.antigen/bundles/zsh-users/zsh-completions:/home/mohan/.antigen/bundles/zsh-users/zsh-autosuggestions:/home/mohan/.antigen/bundles/zsh-users/zsh-syntax-highlighting:/home/mohan/.antigen/bundles/clarketm/zsh-completions:/home/mohan/.antigen/bundles/unixorn/fzf-zsh-plugin-main:/home/mohan/.antigen/bundles/agkozak/zsh-z:/home/mohan/.antigen/bundles/jeffreytse/zsh-vi-mode:/home/mohan/.antigen/bundles/romkatv/powerlevel10k:/home/mohan/.antigen/bundles/unixorn/fzf-zsh-plugin-main/bin:/home/mohan/.fzf/bin:/home/mohan/Android/Sdk/tools:/home/mohan/Android/Sdk/platform-tools

Yarn version: 
  1.22.19

Node version: 
  16.20.2

Platform: 
  linux x64

Trace: 
  Error: canceled
      at Interface.<anonymous> (/usr/lib/node_modules/yarn/lib/cli.js:137150:13)
      at Interface.emit (node:events:513:28)
      at Interface._ttyWrite (node:readline:1085:16)
      at ReadStream.onkeypress (node:readline:291:10)
      at ReadStream.emit (node:events:513:28)
      at emitKeys (node:internal/readline/utils:357:14)
      at emitKeys.next (<anonymous>)
      at ReadStream.onData (node:internal/readline/emitKeypressEvents:61:36)
      at ReadStream.emit (node:events:513:28)
      at addChunk (node:internal/streams/readable:315:12)

npm manifest: 
  No manifest

yarn manifest: 
  No manifest

Lockfile: 
  No lockfile
